<?xml version="1.0" encoding="UTF-8"?>
<testsuite xmlns:xsi="http://www.w3.org/2001/XMLSchema-instance" xsi:noNamespaceSchemaLocation="https://maven.apache.org/surefire/maven-surefire-plugin/xsd/surefire-test-report-3.0.xsd" version="3.0" name="com.pronos.s3.ImagesPublicationsHandlerTest" time="0.105" tests="1" errors="0" skipped="0" failures="0">
  <properties>
    <property name="java.specification.version" value="17"/>
    <property name="sun.jnu.encoding" value="UTF-8"/>
    <property name="java.class.path" value="/Users/steph/mesdevs/pronos-lambda/pronos-thumb-lambda/target/test-classes:/Users/steph/mesdevs/pronos-lambda/pronos-thumb-lambda/target/classes:/Users/steph/.m2/repository/software/amazon/awssdk/s3/2.16.1/s3-2.16.1.jar:/Users/steph/.m2/repository/software/amazon/awssdk/aws-xml-protocol/2.16.1/aws-xml-protocol-2.16.1.jar:/Users/steph/.m2/repository/software/amazon/awssdk/aws-query-protocol/2.16.1/aws-query-protocol-2.16.1.jar:/Users/steph/.m2/repository/software/amazon/awssdk/protocol-core/2.16.1/protocol-core-2.16.1.jar:/Users/steph/.m2/repository/software/amazon/awssdk/arns/2.16.1/arns-2.16.1.jar:/Users/steph/.m2/repository/software/amazon/awssdk/profiles/2.16.1/profiles-2.16.1.jar:/Users/steph/.m2/repository/software/amazon/awssdk/sdk-core/2.16.1/sdk-core-2.16.1.jar:/Users/steph/.m2/repository/org/reactivestreams/reactive-streams/1.0.2/reactive-streams-1.0.2.jar:/Users/steph/.m2/repository/software/amazon/awssdk/auth/2.16.1/auth-2.16.1.jar:/Users/steph/.m2/repository/software/amazon/eventstream/eventstream/1.0.1/eventstream-1.0.1.jar:/Users/steph/.m2/repository/software/amazon/awssdk/http-client-spi/2.16.1/http-client-spi-2.16.1.jar:/Users/steph/.m2/repository/software/amazon/awssdk/regions/2.16.1/regions-2.16.1.jar:/Users/steph/.m2/repository/software/amazon/awssdk/annotations/2.16.1/annotations-2.16.1.jar:/Users/steph/.m2/repository/software/amazon/awssdk/utils/2.16.1/utils-2.16.1.jar:/Users/steph/.m2/repository/software/amazon/awssdk/aws-core/2.16.1/aws-core-2.16.1.jar:/Users/steph/.m2/repository/software/amazon/awssdk/metrics-spi/2.16.1/metrics-spi-2.16.1.jar:/Users/steph/.m2/repository/software/amazon/awssdk/apache-client/2.16.1/apache-client-2.16.1.jar:/Users/steph/.m2/repository/org/apache/httpcomponents/httpclient/4.5.13/httpclient-4.5.13.jar:/Users/steph/.m2/repository/org/apache/httpcomponents/httpcore/4.4.11/httpcore-4.4.11.jar:/Users/steph/.m2/repository/software/amazon/awssdk/netty-nio-client/2.16.1/netty-nio-client-2.16.1.jar:/Users/steph/.m2/repository/io/netty/netty-codec-http/4.1.59.Final/netty-codec-http-4.1.59.Final.jar:/Users/steph/.m2/repository/io/netty/netty-codec-http2/4.1.59.Final/netty-codec-http2-4.1.59.Final.jar:/Users/steph/.m2/repository/io/netty/netty-codec/4.1.59.Final/netty-codec-4.1.59.Final.jar:/Users/steph/.m2/repository/io/netty/netty-transport/4.1.59.Final/netty-transport-4.1.59.Final.jar:/Users/steph/.m2/repository/io/netty/netty-resolver/4.1.59.Final/netty-resolver-4.1.59.Final.jar:/Users/steph/.m2/repository/io/netty/netty-common/4.1.59.Final/netty-common-4.1.59.Final.jar:/Users/steph/.m2/repository/io/netty/netty-buffer/4.1.59.Final/netty-buffer-4.1.59.Final.jar:/Users/steph/.m2/repository/io/netty/netty-handler/4.1.59.Final/netty-handler-4.1.59.Final.jar:/Users/steph/.m2/repository/io/netty/netty-transport-native-epoll/4.1.59.Final/netty-transport-native-epoll-4.1.59.Final-linux-x86_64.jar:/Users/steph/.m2/repository/io/netty/netty-transport-native-unix-common/4.1.59.Final/netty-transport-native-unix-common-4.1.59.Final.jar:/Users/steph/.m2/repository/com/typesafe/netty/netty-reactive-streams-http/2.0.4/netty-reactive-streams-http-2.0.4.jar:/Users/steph/.m2/repository/com/typesafe/netty/netty-reactive-streams/2.0.4/netty-reactive-streams-2.0.4.jar:/Users/steph/.m2/repository/com/amazonaws/aws-lambda-java-core/1.2.1/aws-lambda-java-core-1.2.1.jar:/Users/steph/.m2/repository/com/amazonaws/aws-lambda-java-events/3.11.0/aws-lambda-java-events-3.11.0.jar:/Users/steph/.m2/repository/joda-time/joda-time/2.6/joda-time-2.6.jar:/Users/steph/.m2/repository/com/amazonaws/aws-lambda-java-log4j2/1.5.1/aws-lambda-java-log4j2-1.5.1.jar:/Users/steph/.m2/repository/org/apache/logging/log4j/log4j-api/3.0.0-alpha1/log4j-api-3.0.0-alpha1.jar:/Users/steph/.m2/repository/org/apache/logging/log4j/log4j-core/3.0.0-alpha1/log4j-core-3.0.0-alpha1.jar:/Users/steph/.m2/repository/org/apache/logging/log4j/log4j-plugins/3.0.0-alpha1/log4j-plugins-3.0.0-alpha1.jar:/Users/steph/.m2/repository/javax/activation/javax.activation-api/1.2.0/javax.activation-api-1.2.0.jar:/Users/steph/.m2/repository/javax/xml/bind/jaxb-api/2.3.1/jaxb-api-2.3.1.jar:/Users/steph/.m2/repository/com/fasterxml/woodstox/woodstox-core/6.5.0/woodstox-core-6.5.0.jar:/Users/steph/.m2/repository/org/codehaus/woodstox/stax2-api/4.2.1/stax2-api-4.2.1.jar:/Users/steph/.m2/repository/org/apache/logging/log4j/log4j-slf4j18-impl/2.18.0/log4j-slf4j18-impl-2.18.0.jar:/Users/steph/.m2/repository/org/slf4j/slf4j-api/1.8.0-beta4/slf4j-api-1.8.0-beta4.jar:/Users/steph/.m2/repository/com/amazonaws/aws-xray-recorder-sdk-core/2.11.0/aws-xray-recorder-sdk-core-2.11.0.jar:/Users/steph/.m2/repository/com/amazonaws/aws-java-sdk-xray/1.11.903/aws-java-sdk-xray-1.11.903.jar:/Users/steph/.m2/repository/com/amazonaws/jmespath-java/1.11.903/jmespath-java-1.11.903.jar:/Users/steph/.m2/repository/com/amazonaws/aws-xray-recorder-sdk-aws-sdk/2.11.0/aws-xray-recorder-sdk-aws-sdk-2.11.0.jar:/Users/steph/.m2/repository/com/amazonaws/aws-java-sdk-core/1.11.1000/aws-java-sdk-core-1.11.1000.jar:/Users/steph/.m2/repository/commons-logging/commons-logging/1.1.3/commons-logging-1.1.3.jar:/Users/steph/.m2/repository/commons-codec/commons-codec/1.15/commons-codec-1.15.jar:/Users/steph/.m2/repository/software/amazon/ion/ion-java/1.0.2/ion-java-1.0.2.jar:/Users/steph/.m2/repository/com/fasterxml/jackson/dataformat/jackson-dataformat-cbor/2.6.7/jackson-dataformat-cbor-2.6.7.jar:/Users/steph/.m2/repository/com/amazonaws/aws-xray-recorder-sdk-aws-sdk-core/2.11.0/aws-xray-recorder-sdk-aws-sdk-core-2.11.0.jar:/Users/steph/.m2/repository/com/amazonaws/aws-xray-recorder-sdk-aws-sdk-instrumentor/2.11.0/aws-xray-recorder-sdk-aws-sdk-instrumentor-2.11.0.jar:/Users/steph/.m2/repository/net/coobird/thumbnailator/0.4.14/thumbnailator-0.4.14.jar:/Users/steph/.m2/repository/org/glassfish/jersey/core/jersey-client/3.1.3/jersey-client-3.1.3.jar:/Users/steph/.m2/repository/jakarta/ws/rs/jakarta.ws.rs-api/3.1.0/jakarta.ws.rs-api-3.1.0.jar:/Users/steph/.m2/repository/org/glassfish/jersey/core/jersey-common/3.1.3/jersey-common-3.1.3.jar:/Users/steph/.m2/repository/jakarta/annotation/jakarta.annotation-api/2.1.1/jakarta.annotation-api-2.1.1.jar:/Users/steph/.m2/repository/org/glassfish/hk2/osgi-resource-locator/1.0.3/osgi-resource-locator-1.0.3.jar:/Users/steph/.m2/repository/jakarta/inject/jakarta.inject-api/2.0.1/jakarta.inject-api-2.0.1.jar:/Users/steph/.m2/repository/com/fasterxml/jackson/core/jackson-databind/2.15.2/jackson-databind-2.15.2.jar:/Users/steph/.m2/repository/com/fasterxml/jackson/core/jackson-annotations/2.15.2/jackson-annotations-2.15.2.jar:/Users/steph/.m2/repository/com/fasterxml/jackson/core/jackson-core/2.15.2/jackson-core-2.15.2.jar:/Users/steph/.m2/repository/org/glassfish/jersey/media/jersey-media-json-jackson/3.1.1/jersey-media-json-jackson-3.1.1.jar:/Users/steph/.m2/repository/org/glassfish/jersey/ext/jersey-entity-filtering/3.1.1/jersey-entity-filtering-3.1.1.jar:/Users/steph/.m2/repository/com/fasterxml/jackson/module/jackson-module-jakarta-xmlbind-annotations/2.14.1/jackson-module-jakarta-xmlbind-annotations-2.14.1.jar:/Users/steph/.m2/repository/jakarta/xml/bind/jakarta.xml.bind-api/4.0.0/jakarta.xml.bind-api-4.0.0.jar:/Users/steph/.m2/repository/jakarta/activation/jakarta.activation-api/2.1.0/jakarta.activation-api-2.1.0.jar:/Users/steph/.m2/repository/org/junit/jupiter/junit-jupiter-api/5.6.0/junit-jupiter-api-5.6.0.jar:/Users/steph/.m2/repository/org/apiguardian/apiguardian-api/1.1.0/apiguardian-api-1.1.0.jar:/Users/steph/.m2/repository/org/opentest4j/opentest4j/1.2.0/opentest4j-1.2.0.jar:/Users/steph/.m2/repository/org/junit/platform/junit-platform-commons/1.6.0/junit-platform-commons-1.6.0.jar:/Users/steph/.m2/repository/org/junit/jupiter/junit-jupiter-engine/5.6.0/junit-jupiter-engine-5.6.0.jar:/Users/steph/.m2/repository/org/junit/platform/junit-platform-engine/1.6.0/junit-platform-engine-1.6.0.jar:"/>
    <property name="java.vm.vendor" value="Oracle Corporation"/>
    <property name="sun.arch.data.model" value="64"/>
    <property name="java.vendor.url" value="https://java.oracle.com/"/>
    <property name="os.name" value="Mac OS X"/>
    <property name="java.vm.specification.version" value="17"/>
    <property name="sun.java.launcher" value="SUN_STANDARD"/>
    <property name="user.country" value="FR"/>
    <property name="sun.boot.library.path" value="/Library/Java/JavaVirtualMachines/jdk-17.jdk/Contents/Home/lib"/>
    <property name="sun.java.command" value="/Users/steph/mesdevs/pronos-lambda/pronos-thumb-lambda/target/surefire/surefirebooter-20230813184805506_3.jar /Users/steph/mesdevs/pronos-lambda/pronos-thumb-lambda/target/surefire 2023-08-13T18-48-05_313-jvmRun1 surefire-20230813184805506_1tmp surefire_0-20230813184805506_2tmp"/>
    <property name="http.nonProxyHosts" value="local|*.local|169.254/16|*.169.254/16"/>
    <property name="jdk.debug" value="release"/>
    <property name="surefire.test.class.path" value="/Users/steph/mesdevs/pronos-lambda/pronos-thumb-lambda/target/test-classes:/Users/steph/mesdevs/pronos-lambda/pronos-thumb-lambda/target/classes:/Users/steph/.m2/repository/software/amazon/awssdk/s3/2.16.1/s3-2.16.1.jar:/Users/steph/.m2/repository/software/amazon/awssdk/aws-xml-protocol/2.16.1/aws-xml-protocol-2.16.1.jar:/Users/steph/.m2/repository/software/amazon/awssdk/aws-query-protocol/2.16.1/aws-query-protocol-2.16.1.jar:/Users/steph/.m2/repository/software/amazon/awssdk/protocol-core/2.16.1/protocol-core-2.16.1.jar:/Users/steph/.m2/repository/software/amazon/awssdk/arns/2.16.1/arns-2.16.1.jar:/Users/steph/.m2/repository/software/amazon/awssdk/profiles/2.16.1/profiles-2.16.1.jar:/Users/steph/.m2/repository/software/amazon/awssdk/sdk-core/2.16.1/sdk-core-2.16.1.jar:/Users/steph/.m2/repository/org/reactivestreams/reactive-streams/1.0.2/reactive-streams-1.0.2.jar:/Users/steph/.m2/repository/software/amazon/awssdk/auth/2.16.1/auth-2.16.1.jar:/Users/steph/.m2/repository/software/amazon/eventstream/eventstream/1.0.1/eventstream-1.0.1.jar:/Users/steph/.m2/repository/software/amazon/awssdk/http-client-spi/2.16.1/http-client-spi-2.16.1.jar:/Users/steph/.m2/repository/software/amazon/awssdk/regions/2.16.1/regions-2.16.1.jar:/Users/steph/.m2/repository/software/amazon/awssdk/annotations/2.16.1/annotations-2.16.1.jar:/Users/steph/.m2/repository/software/amazon/awssdk/utils/2.16.1/utils-2.16.1.jar:/Users/steph/.m2/repository/software/amazon/awssdk/aws-core/2.16.1/aws-core-2.16.1.jar:/Users/steph/.m2/repository/software/amazon/awssdk/metrics-spi/2.16.1/metrics-spi-2.16.1.jar:/Users/steph/.m2/repository/software/amazon/awssdk/apache-client/2.16.1/apache-client-2.16.1.jar:/Users/steph/.m2/repository/org/apache/httpcomponents/httpclient/4.5.13/httpclient-4.5.13.jar:/Users/steph/.m2/repository/org/apache/httpcomponents/httpcore/4.4.11/httpcore-4.4.11.jar:/Users/steph/.m2/repository/software/amazon/awssdk/netty-nio-client/2.16.1/netty-nio-client-2.16.1.jar:/Users/steph/.m2/repository/io/netty/netty-codec-http/4.1.59.Final/netty-codec-http-4.1.59.Final.jar:/Users/steph/.m2/repository/io/netty/netty-codec-http2/4.1.59.Final/netty-codec-http2-4.1.59.Final.jar:/Users/steph/.m2/repository/io/netty/netty-codec/4.1.59.Final/netty-codec-4.1.59.Final.jar:/Users/steph/.m2/repository/io/netty/netty-transport/4.1.59.Final/netty-transport-4.1.59.Final.jar:/Users/steph/.m2/repository/io/netty/netty-resolver/4.1.59.Final/netty-resolver-4.1.59.Final.jar:/Users/steph/.m2/repository/io/netty/netty-common/4.1.59.Final/netty-common-4.1.59.Final.jar:/Users/steph/.m2/repository/io/netty/netty-buffer/4.1.59.Final/netty-buffer-4.1.59.Final.jar:/Users/steph/.m2/repository/io/netty/netty-handler/4.1.59.Final/netty-handler-4.1.59.Final.jar:/Users/steph/.m2/repository/io/netty/netty-transport-native-epoll/4.1.59.Final/netty-transport-native-epoll-4.1.59.Final-linux-x86_64.jar:/Users/steph/.m2/repository/io/netty/netty-transport-native-unix-common/4.1.59.Final/netty-transport-native-unix-common-4.1.59.Final.jar:/Users/steph/.m2/repository/com/typesafe/netty/netty-reactive-streams-http/2.0.4/netty-reactive-streams-http-2.0.4.jar:/Users/steph/.m2/repository/com/typesafe/netty/netty-reactive-streams/2.0.4/netty-reactive-streams-2.0.4.jar:/Users/steph/.m2/repository/com/amazonaws/aws-lambda-java-core/1.2.1/aws-lambda-java-core-1.2.1.jar:/Users/steph/.m2/repository/com/amazonaws/aws-lambda-java-events/3.11.0/aws-lambda-java-events-3.11.0.jar:/Users/steph/.m2/repository/joda-time/joda-time/2.6/joda-time-2.6.jar:/Users/steph/.m2/repository/com/amazonaws/aws-lambda-java-log4j2/1.5.1/aws-lambda-java-log4j2-1.5.1.jar:/Users/steph/.m2/repository/org/apache/logging/log4j/log4j-api/3.0.0-alpha1/log4j-api-3.0.0-alpha1.jar:/Users/steph/.m2/repository/org/apache/logging/log4j/log4j-core/3.0.0-alpha1/log4j-core-3.0.0-alpha1.jar:/Users/steph/.m2/repository/org/apache/logging/log4j/log4j-plugins/3.0.0-alpha1/log4j-plugins-3.0.0-alpha1.jar:/Users/steph/.m2/repository/javax/activation/javax.activation-api/1.2.0/javax.activation-api-1.2.0.jar:/Users/steph/.m2/repository/javax/xml/bind/jaxb-api/2.3.1/jaxb-api-2.3.1.jar:/Users/steph/.m2/repository/com/fasterxml/woodstox/woodstox-core/6.5.0/woodstox-core-6.5.0.jar:/Users/steph/.m2/repository/org/codehaus/woodstox/stax2-api/4.2.1/stax2-api-4.2.1.jar:/Users/steph/.m2/repository/org/apache/logging/log4j/log4j-slf4j18-impl/2.18.0/log4j-slf4j18-impl-2.18.0.jar:/Users/steph/.m2/repository/org/slf4j/slf4j-api/1.8.0-beta4/slf4j-api-1.8.0-beta4.jar:/Users/steph/.m2/repository/com/amazonaws/aws-xray-recorder-sdk-core/2.11.0/aws-xray-recorder-sdk-core-2.11.0.jar:/Users/steph/.m2/repository/com/amazonaws/aws-java-sdk-xray/1.11.903/aws-java-sdk-xray-1.11.903.jar:/Users/steph/.m2/repository/com/amazonaws/jmespath-java/1.11.903/jmespath-java-1.11.903.jar:/Users/steph/.m2/repository/com/amazonaws/aws-xray-recorder-sdk-aws-sdk/2.11.0/aws-xray-recorder-sdk-aws-sdk-2.11.0.jar:/Users/steph/.m2/repository/com/amazonaws/aws-java-sdk-core/1.11.1000/aws-java-sdk-core-1.11.1000.jar:/Users/steph/.m2/repository/commons-logging/commons-logging/1.1.3/commons-logging-1.1.3.jar:/Users/steph/.m2/repository/commons-codec/commons-codec/1.15/commons-codec-1.15.jar:/Users/steph/.m2/repository/software/amazon/ion/ion-java/1.0.2/ion-java-1.0.2.jar:/Users/steph/.m2/repository/com/fasterxml/jackson/dataformat/jackson-dataformat-cbor/2.6.7/jackson-dataformat-cbor-2.6.7.jar:/Users/steph/.m2/repository/com/amazonaws/aws-xray-recorder-sdk-aws-sdk-core/2.11.0/aws-xray-recorder-sdk-aws-sdk-core-2.11.0.jar:/Users/steph/.m2/repository/com/amazonaws/aws-xray-recorder-sdk-aws-sdk-instrumentor/2.11.0/aws-xray-recorder-sdk-aws-sdk-instrumentor-2.11.0.jar:/Users/steph/.m2/repository/net/coobird/thumbnailator/0.4.14/thumbnailator-0.4.14.jar:/Users/steph/.m2/repository/org/glassfish/jersey/core/jersey-client/3.1.3/jersey-client-3.1.3.jar:/Users/steph/.m2/repository/jakarta/ws/rs/jakarta.ws.rs-api/3.1.0/jakarta.ws.rs-api-3.1.0.jar:/Users/steph/.m2/repository/org/glassfish/jersey/core/jersey-common/3.1.3/jersey-common-3.1.3.jar:/Users/steph/.m2/repository/jakarta/annotation/jakarta.annotation-api/2.1.1/jakarta.annotation-api-2.1.1.jar:/Users/steph/.m2/repository/org/glassfish/hk2/osgi-resource-locator/1.0.3/osgi-resource-locator-1.0.3.jar:/Users/steph/.m2/repository/jakarta/inject/jakarta.inject-api/2.0.1/jakarta.inject-api-2.0.1.jar:/Users/steph/.m2/repository/com/fasterxml/jackson/core/jackson-databind/2.15.2/jackson-databind-2.15.2.jar:/Users/steph/.m2/repository/com/fasterxml/jackson/core/jackson-annotations/2.15.2/jackson-annotations-2.15.2.jar:/Users/steph/.m2/repository/com/fasterxml/jackson/core/jackson-core/2.15.2/jackson-core-2.15.2.jar:/Users/steph/.m2/repository/org/glassfish/jersey/media/jersey-media-json-jackson/3.1.1/jersey-media-json-jackson-3.1.1.jar:/Users/steph/.m2/repository/org/glassfish/jersey/ext/jersey-entity-filtering/3.1.1/jersey-entity-filtering-3.1.1.jar:/Users/steph/.m2/repository/com/fasterxml/jackson/module/jackson-module-jakarta-xmlbind-annotations/2.14.1/jackson-module-jakarta-xmlbind-annotations-2.14.1.jar:/Users/steph/.m2/repository/jakarta/xml/bind/jakarta.xml.bind-api/4.0.0/jakarta.xml.bind-api-4.0.0.jar:/Users/steph/.m2/repository/jakarta/activation/jakarta.activation-api/2.1.0/jakarta.activation-api-2.1.0.jar:/Users/steph/.m2/repository/org/junit/jupiter/junit-jupiter-api/5.6.0/junit-jupiter-api-5.6.0.jar:/Users/steph/.m2/repository/org/apiguardian/apiguardian-api/1.1.0/apiguardian-api-1.1.0.jar:/Users/steph/.m2/repository/org/opentest4j/opentest4j/1.2.0/opentest4j-1.2.0.jar:/Users/steph/.m2/repository/org/junit/platform/junit-platform-commons/1.6.0/junit-platform-commons-1.6.0.jar:/Users/steph/.m2/repository/org/junit/jupiter/junit-jupiter-engine/5.6.0/junit-jupiter-engine-5.6.0.jar:/Users/steph/.m2/repository/org/junit/platform/junit-platform-engine/1.6.0/junit-platform-engine-1.6.0.jar:"/>
    <property name="sun.cpu.endian" value="little"/>
    <property name="user.home" value="/Users/steph"/>
    <property name="user.language" value="fr"/>
    <property name="java.specification.vendor" value="Oracle Corporation"/>
    <property name="java.version.date" value="2023-01-17"/>
    <property name="java.home" value="/Library/Java/JavaVirtualMachines/jdk-17.jdk/Contents/Home"/>
    <property name="file.separator" value="/"/>
    <property name="basedir" value="/Users/steph/mesdevs/pronos-lambda/pronos-thumb-lambda"/>
    <property name="java.vm.compressedOopsMode" value="Zero based"/>
    <property name="line.separator" value="&#10;"/>
    <property name="java.specification.name" value="Java Platform API Specification"/>
    <property name="java.vm.specification.vendor" value="Oracle Corporation"/>
    <property name="surefire.real.class.path" value="/Users/steph/mesdevs/pronos-lambda/pronos-thumb-lambda/target/surefire/surefirebooter-20230813184805506_3.jar"/>
    <property name="sun.management.compiler" value="HotSpot 64-Bit Tiered Compilers"/>
    <property name="ftp.nonProxyHosts" value="local|*.local|169.254/16|*.169.254/16"/>
    <property name="java.runtime.version" value="17.0.6+9-LTS-190"/>
    <property name="user.name" value="steph"/>
    <property name="path.separator" value=":"/>
    <property name="os.version" value="11.7.2"/>
    <property name="java.runtime.name" value="Java(TM) SE Runtime Environment"/>
    <property name="file.encoding" value="UTF-8"/>
    <property name="java.vm.name" value="Java HotSpot(TM) 64-Bit Server VM"/>
    <property name="localRepository" value="/Users/steph/.m2/repository"/>
    <property name="java.vendor.url.bug" value="https://bugreport.java.com/bugreport/"/>
    <property name="java.io.tmpdir" value="/var/folders/vn/_h5st6755g532nb167xw9_1r0000gn/T/"/>
    <property name="java.version" value="17.0.6"/>
    <property name="user.dir" value="/Users/steph/mesdevs/pronos-lambda/pronos-thumb-lambda"/>
    <property name="os.arch" value="x86_64"/>
    <property name="java.vm.specification.name" value="Java Virtual Machine Specification"/>
    <property name="native.encoding" value="UTF-8"/>
    <property name="java.library.path" value="/Users/steph/Library/Java/Extensions:/Library/Java/Extensions:/Network/Library/Java/Extensions:/System/Library/Java/Extensions:/usr/lib/java:."/>
    <property name="java.vm.info" value="mixed mode, sharing"/>
    <property name="java.vendor" value="Oracle Corporation"/>
    <property name="java.vm.version" value="17.0.6+9-LTS-190"/>
    <property name="sun.io.unicode.encoding" value="UnicodeBig"/>
    <property name="socksNonProxyHosts" value="local|*.local|169.254/16|*.169.254/16"/>
    <property name="java.class.version" value="61.0"/>
  </properties>
  <testcase name="testFilename" classname="com.pronos.s3.ImagesPublicationsHandlerTest" time="0.059"/>
</testsuite>